0 info it worked if it ends with ok
1 verbose cli [ '/usr/bin/node', '/usr/bin/npm', 'run', 'test' ]
2 info using npm@3.5.2
3 info using node@v8.10.0
4 warn invalid config loglevel="notice"
5 verbose run-script [ 'pretest', 'test', 'posttest' ]
6 info lifecycle @ew-did-registry/did-resolver@1.0.0~pretest: @ew-did-registry/did-resolver@1.0.0
7 silly lifecycle @ew-did-registry/did-resolver@1.0.0~pretest: no script for pretest, continuing
8 info lifecycle @ew-did-registry/did-resolver@1.0.0~test: @ew-did-registry/did-resolver@1.0.0
9 verbose lifecycle @ew-did-registry/did-resolver@1.0.0~test: unsafe-perm in lifecycle true
10 verbose lifecycle @ew-did-registry/did-resolver@1.0.0~test: PATH: /usr/share/npm/bin/node-gyp-bin:/home/krll/Desktop/EW/ew-did-registry/packages/did-resolver/node_modules/.bin:/home/krll/Desktop/EW/ew-did-registry/packages/did-resolver/node_modules/.bin:/home/krll/Desktop/EW/ew-did-registry/packages/node_modules/.bin:/home/krll/Desktop/EW/ew-did-registry/node_modules/.bin:/home/krll/Desktop/EW/node_modules/.bin:/home/krll/Desktop/node_modules/.bin:/home/krll/node_modules/.bin:/home/node_modules/.bin:/node_modules/.bin:/usr/bin:/usr/local/lib/node_modules/npm/node_modules/npm-lifecycle/node-gyp-bin:/home/krll/Desktop/EW/ew-did-registry/node_modules/.bin:/usr/local/sbin:/usr/local/bin:/usr/sbin:/usr/bin:/sbin:/bin:/usr/games:/usr/local/games:/snap/bin
11 verbose lifecycle @ew-did-registry/did-resolver@1.0.0~test: CWD: /home/krll/Desktop/EW/ew-did-registry/packages/did-resolver
12 silly lifecycle @ew-did-registry/did-resolver@1.0.0~test: Args: [ '-c',
12 silly lifecycle   '../../node_modules/.bin/mocha -r ts-node/register test/**/*.test.ts' ]
13 silly lifecycle @ew-did-registry/did-resolver@1.0.0~test: Returned: code: 3  signal: null
14 info lifecycle @ew-did-registry/did-resolver@1.0.0~test: Failed to exec test script
15 verbose stack Error: @ew-did-registry/did-resolver@1.0.0 test: `../../node_modules/.bin/mocha -r ts-node/register test/**/*.test.ts`
15 verbose stack Exit status 3
15 verbose stack     at EventEmitter.<anonymous> (/usr/share/npm/lib/utils/lifecycle.js:232:16)
15 verbose stack     at emitTwo (events.js:126:13)
15 verbose stack     at EventEmitter.emit (events.js:214:7)
15 verbose stack     at ChildProcess.<anonymous> (/usr/share/npm/lib/utils/spawn.js:24:14)
15 verbose stack     at emitTwo (events.js:126:13)
15 verbose stack     at ChildProcess.emit (events.js:214:7)
15 verbose stack     at maybeClose (internal/child_process.js:925:16)
15 verbose stack     at Process.ChildProcess._handle.onexit (internal/child_process.js:209:5)
16 verbose pkgid @ew-did-registry/did-resolver@1.0.0
17 verbose cwd /home/krll/Desktop/EW/ew-did-registry/packages/did-resolver
18 error Linux 5.3.0-40-generic
19 error argv "/usr/bin/node" "/usr/bin/npm" "run" "test"
20 error node v8.10.0
21 error npm  v3.5.2
22 error code ELIFECYCLE
23 error @ew-did-registry/did-resolver@1.0.0 test: `../../node_modules/.bin/mocha -r ts-node/register test/**/*.test.ts`
23 error Exit status 3
24 error Failed at the @ew-did-registry/did-resolver@1.0.0 test script '../../node_modules/.bin/mocha -r ts-node/register test/**/*.test.ts'.
24 error Make sure you have the latest version of node.js and npm installed.
24 error If you do, this is most likely a problem with the @ew-did-registry/did-resolver package,
24 error not with npm itself.
24 error Tell the author that this fails on your system:
24 error     ../../node_modules/.bin/mocha -r ts-node/register test/**/*.test.ts
24 error You can get information on how to open an issue for this project with:
24 error     npm bugs @ew-did-registry/did-resolver
24 error Or if that isn't available, you can get their info via:
24 error     npm owner ls @ew-did-registry/did-resolver
24 error There is likely additional logging output above.
25 verbose exit [ 1, true ]
